<?xml version="1.0" encoding="UTF-8"?>
<testng-results ignored="0" total="2" passed="1" failed="1" skipped="0">
  <reporter-output>
  </reporter-output>
  <suite started-at="2024-11-08T19:16:23 IST" name="Master Suite" finished-at="2024-11-08T19:18:27 IST" duration-ms="124061">
    <groups>
      <group name="Master">
        <method signature="CreateTalent.SalesforceLogin()[pri:0, instance:testCases.CreateTalent@43f82e78]" name="SalesforceLogin" class="testCases.CreateTalent"/>
        <method signature="CreateTalent.validateConnectedTitle()[pri:0, instance:testCases.CreateTalent@43f82e78]" name="validateConnectedTitle" class="testCases.CreateTalent"/>
      </group> <!-- Master -->
      <group name="Sanity">
        <method signature="CreateTalent.SalesforceLogin()[pri:0, instance:testCases.CreateTalent@43f82e78]" name="SalesforceLogin" class="testCases.CreateTalent"/>
        <method signature="CreateTalent.validateConnectedTitle()[pri:0, instance:testCases.CreateTalent@43f82e78]" name="validateConnectedTitle" class="testCases.CreateTalent"/>
      </group> <!-- Sanity -->
      <group name="Regression">
        <method signature="CreateTalent.SalesforceLogin()[pri:0, instance:testCases.CreateTalent@43f82e78]" name="SalesforceLogin" class="testCases.CreateTalent"/>
        <method signature="CreateTalent.validateConnectedTitle()[pri:0, instance:testCases.CreateTalent@43f82e78]" name="validateConnectedTitle" class="testCases.CreateTalent"/>
      </group> <!-- Regression -->
    </groups>
    <test started-at="2024-11-08T19:16:23 IST" name="chrometest" finished-at="2024-11-08T19:18:27 IST" duration-ms="124061">
      <class name="testCases.CreateTalent">
        <test-method is-config="true" signature="setup(java.lang.String)[pri:0, instance:testCases.CreateTalent@43f82e78]" started-at="2024-11-08T19:16:24 IST" name="setup" finished-at="2024-11-08T19:16:28 IST" duration-ms="4635" status="PASS">
          <params>
            <param index="0">
              <value>
                <![CDATA[chrome]]>
              </value>
            </param>
          </params>
          <reporter-output>
          </reporter-output>
        </test-method> <!-- setup -->
        <test-method signature="SalesforceLogin()[pri:0, instance:testCases.CreateTalent@43f82e78]" started-at="2024-11-08T19:16:28 IST" name="SalesforceLogin" finished-at="2024-11-08T19:16:49 IST" duration-ms="21043" status="PASS">
          <reporter-output>
          </reporter-output>
        </test-method> <!-- SalesforceLogin -->
        <test-method signature="validateConnectedTitle()[pri:0, instance:testCases.CreateTalent@43f82e78]" started-at="2024-11-08T19:16:49 IST" name="validateConnectedTitle" finished-at="2024-11-08T19:18:27 IST" duration-ms="97609" status="FAIL">
          <exception class="java.lang.AssertionError">
            <message>
              <![CDATA[null]]>
            </message>
            <full-stacktrace>
              <![CDATA[java.lang.AssertionError: null
at org.testng.Assert.fail(Assert.java:111)
at org.testng.Assert.fail(Assert.java:116)
at testCases.CreateTalent.validateConnectedTitle(CreateTalent.java:79)
at java.base/jdk.internal.reflect.NativeMethodAccessorImpl.invoke0(Native Method)
at java.base/jdk.internal.reflect.NativeMethodAccessorImpl.invoke(NativeMethodAccessorImpl.java:77)
at java.base/jdk.internal.reflect.DelegatingMethodAccessorImpl.invoke(DelegatingMethodAccessorImpl.java:43)
at java.base/java.lang.reflect.Method.invoke(Method.java:568)
at org.testng.internal.invokers.MethodInvocationHelper.invokeMethod(MethodInvocationHelper.java:141)
at org.testng.internal.invokers.TestInvoker.invokeMethod(TestInvoker.java:686)
at org.testng.internal.invokers.TestInvoker.invokeTestMethod(TestInvoker.java:230)
at org.testng.internal.invokers.MethodRunner.runInSequence(MethodRunner.java:63)
at org.testng.internal.invokers.TestInvoker$MethodInvocationAgent.invoke(TestInvoker.java:992)
at org.testng.internal.invokers.TestInvoker.invokeTestMethods(TestInvoker.java:203)
at org.testng.internal.invokers.TestMethodWorker.invokeTestMethods(TestMethodWorker.java:154)
at org.testng.internal.invokers.TestMethodWorker.run(TestMethodWorker.java:134)
at java.base/java.util.ArrayList.forEach(ArrayList.java:1511)
at org.testng.TestRunner.privateRun(TestRunner.java:739)
at org.testng.TestRunner.run(TestRunner.java:614)
at org.testng.SuiteRunner.runTest(SuiteRunner.java:421)
at org.testng.SuiteRunner.runSequentially(SuiteRunner.java:413)
at org.testng.SuiteRunner.privateRun(SuiteRunner.java:373)
at org.testng.SuiteRunner.run(SuiteRunner.java:312)
at org.testng.SuiteRunnerWorker.runSuite(SuiteRunnerWorker.java:52)
at org.testng.SuiteRunnerWorker.run(SuiteRunnerWorker.java:95)
at org.testng.TestNG.runSuitesSequentially(TestNG.java:1274)
at org.testng.TestNG.runSuitesLocally(TestNG.java:1208)
at org.testng.TestNG.runSuites(TestNG.java:1112)
at org.testng.TestNG.run(TestNG.java:1079)
at org.testng.remote.AbstractRemoteTestNG.run(AbstractRemoteTestNG.java:115)
at org.testng.remote.RemoteTestNG.initAndRun(RemoteTestNG.java:293)
at org.testng.remote.RemoteTestNG.main(RemoteTestNG.java:91)
]]>
            </full-stacktrace>
          </exception> <!-- java.lang.AssertionError -->
          <reporter-output>
          </reporter-output>
        </test-method> <!-- validateConnectedTitle -->
      </class> <!-- testCases.CreateTalent -->
    </test> <!-- chrometest -->
  </suite> <!-- Master Suite -->
</testng-results>
